<?xml version="1.0" encoding="UTF-8"?>
<testsuite xmlns:xsi="http://www.w3.org/2001/XMLSchema-instance" xsi:noNamespaceSchemaLocation="https://maven.apache.org/surefire/maven-surefire-plugin/xsd/surefire-test-report-3.0.xsd" version="3.0" name="HtmlScraperTest" time="5.619" tests="9" errors="0" skipped="0" failures="0">
  <properties>
[...]
</properties>
  <testcase name="testGetClass" classname="HtmlScraperTest" time="1.014"/>
  <testcase name="testExtractAttributes" classname="HtmlScraperTest" time="1.25"/>
  <testcase name="testClear" classname="HtmlScraperTest" time="0.003"/>
  <testcase name="testGetId" classname="HtmlScraperTest" time="0.338"/>
  <testcase name="testGetSelectorResult" classname="HtmlScraperTest" time="2.029"/>
  <testcase name="testGetHyperlinks" classname="HtmlScraperTest" time="0.383"/>
  <testcase name="testGetHtml" classname="HtmlScraperTest" time="0.166"/>
  <testcase name="testGetTags" classname="HtmlScraperTest" time="0.404"/>
  <testcase name="testGetUrl" classname="HtmlScraperTest" time="0.002"/>
</testsuite>